<?xml version="1.0" encoding="UTF-8"?>
<!-- Generated by org.testng.reporters.JUnitReportReporter -->
<testsuite hostname="DESKTOP-L3U3DAD" failures="0" tests="12" name="SmartBuyProject.SmartBuyProject.AppTest" time="5.859" errors="0" timestamp="2025-06-17T01:21:45 GMT+03:00" skipped="10">
  <testcase classname="SmartBuyProject.SmartBuyProject.AppTest" name="verifySearchResultsAccuracy" time="3.654"/>
  <testcase classname="SmartBuyProject.SmartBuyProject.AppTest" name="productDetailPageAccuracy" time="2.205"/>
  <testcase classname="SmartBuyProject.SmartBuyProject.AppTest" name="contactInformationAvailability">
    <skipped/>
  </testcase> <!-- contactInformationAvailability -->
  <testcase classname="SmartBuyProject.SmartBuyProject.AppTest" name="promotionsPageAccessibility">
    <skipped/>
  </testcase> <!-- promotionsPageAccessibility -->
  <testcase classname="SmartBuyProject.SmartBuyProject.AppTest" name="verifyHomepageLoadsSuccessfully">
    <skipped/>
  </testcase> <!-- verifyHomepageLoadsSuccessfully -->
  <testcase classname="SmartBuyProject.SmartBuyProject.AppTest" name="SocialMediaLinks">
    <skipped/>
  </testcase> <!-- SocialMediaLinks -->
  <testcase classname="SmartBuyProject.SmartBuyProject.AppTest" name="verifyCategoryNavigation">
    <skipped/>
  </testcase> <!-- verifyCategoryNavigation -->
  <testcase classname="SmartBuyProject.SmartBuyProject.AppTest" name="shoppingCartReview">
    <skipped/>
  </testcase> <!-- shoppingCartReview -->
  <testcase classname="SmartBuyProject.SmartBuyProject.AppTest" name="UserLoginFunctionality">
    <skipped/>
  </testcase> <!-- UserLoginFunctionality -->
  <testcase classname="SmartBuyProject.SmartBuyProject.AppTest" name="addProductToTheCart">
    <skipped/>
  </testcase> <!-- addProductToTheCart -->
  <testcase classname="SmartBuyProject.SmartBuyProject.AppTest" name="UserRegistrationProcess">
    <skipped/>
  </testcase> <!-- UserRegistrationProcess -->
  <testcase classname="SmartBuyProject.SmartBuyProject.AppTest" name="InvalidUserLoginFunctionality">
    <skipped/>
  </testcase> <!-- InvalidUserLoginFunctionality -->
</testsuite> <!-- SmartBuyProject.SmartBuyProject.AppTest -->
