<?xml version="1.0" encoding="UTF-8"?>
<!-- Generated by org.testng.reporters.JUnitReportReporter -->
<testsuite hostname="DESKTOP-L3U3DAD" failures="0" tests="10" name="SmartBuyProject.SmartBuyProject.AppTest" time="19.845" errors="0" timestamp="2025-06-08T23:43:29 GMT+03:00" skipped="0">
  <testcase classname="SmartBuyProject.SmartBuyProject.AppTest" name="VerifyHomepageLoadsSuccessfully" time="0.155"/>
  <testcase classname="SmartBuyProject.SmartBuyProject.AppTest" name="VerifyCategoryNavigation" time="4.741"/>
  <testcase classname="SmartBuyProject.SmartBuyProject.AppTest" name="VerifySearchResultsAccuracy" time="3.042"/>
  <testcase classname="SmartBuyProject.SmartBuyProject.AppTest" name="productDetailPageAccuracy" time="4.619"/>
  <testcase classname="SmartBuyProject.SmartBuyProject.AppTest" name="addToTheCart" time="7.280"/>
  <testcase classname="SmartBuyProject.SmartBuyProject.AppTest" name="test6" time="0.002"/>
  <testcase classname="SmartBuyProject.SmartBuyProject.AppTest" name="test7" time="0.001"/>
  <testcase classname="SmartBuyProject.SmartBuyProject.AppTest" name="test8" time="0.002"/>
  <testcase classname="SmartBuyProject.SmartBuyProject.AppTest" name="test9" time="0.001"/>
  <testcase classname="SmartBuyProject.SmartBuyProject.AppTest" name="test10" time="0.002"/>
</testsuite> <!-- SmartBuyProject.SmartBuyProject.AppTest -->
