<?xml version="1.0" encoding="UTF-8"?>
<!-- Generated by org.testng.reporters.JUnitReportReporter -->
<testsuite hostname="DESKTOP-L3U3DAD" failures="0" tests="10" name="SmartBuyProject.SmartBuyProject.AppTest" time="2.551" errors="0" timestamp="2025-06-03T23:28:56 GMT+03:00" skipped="1">
  <testcase classname="SmartBuyProject.SmartBuyProject.AppTest" name="VerifyHomepageLoadsSuccessfully" time="0.206"/>
  <testcase classname="SmartBuyProject.SmartBuyProject.AppTest" name="VerifyCategoryNavigation" time="2.318"/>
  <testcase classname="SmartBuyProject.SmartBuyProject.AppTest" name="test4" time="0.005"/>
  <testcase classname="SmartBuyProject.SmartBuyProject.AppTest" name="test5" time="0.005"/>
  <testcase classname="SmartBuyProject.SmartBuyProject.AppTest" name="test6" time="0.003"/>
  <testcase classname="SmartBuyProject.SmartBuyProject.AppTest" name="test7" time="0.002"/>
  <testcase classname="SmartBuyProject.SmartBuyProject.AppTest" name="test8" time="0.002"/>
  <testcase classname="SmartBuyProject.SmartBuyProject.AppTest" name="test9" time="0.002"/>
  <testcase classname="SmartBuyProject.SmartBuyProject.AppTest" name="test10" time="0.008"/>
  <testcase classname="SmartBuyProject.SmartBuyProject.AppTest" name="VerifySearchResultsAccuracy">
    <skipped/>
  </testcase> <!-- VerifySearchResultsAccuracy -->
</testsuite> <!-- SmartBuyProject.SmartBuyProject.AppTest -->
