<?xml version="1.0" encoding="UTF-8"?>
<!-- Generated by org.testng.reporters.JUnitReportReporter -->
<testsuite hostname="DESKTOP-L3U3DAD" failures="0" tests="10" name="SmartBuyProject.SmartBuyProject.AppTest" time="28.031" errors="0" timestamp="2025-06-12T00:07:31 GMT+03:00" skipped="1">
  <testcase classname="SmartBuyProject.SmartBuyProject.AppTest" name="VerifyHomepageLoadsSuccessfully" time="0.311"/>
  <testcase classname="SmartBuyProject.SmartBuyProject.AppTest" name="VerifyCategoryNavigation" time="8.569"/>
  <testcase classname="SmartBuyProject.SmartBuyProject.AppTest" name="VerifySearchResultsAccuracy" time="5.726"/>
  <testcase classname="SmartBuyProject.SmartBuyProject.AppTest" name="productDetailPageAccuracy" time="2.979"/>
  <testcase classname="SmartBuyProject.SmartBuyProject.AppTest" name="addToTheCart" time="4.301"/>
  <testcase classname="SmartBuyProject.SmartBuyProject.AppTest" name="ShoppingCartReview" time="3.908"/>
  <testcase classname="SmartBuyProject.SmartBuyProject.AppTest" name="test8" time="0.001"/>
  <testcase classname="SmartBuyProject.SmartBuyProject.AppTest" name="PromotionsPageAccessibility" time="2.152"/>
  <testcase classname="SmartBuyProject.SmartBuyProject.AppTest" name="ContactInformationAvailability" time="0.084"/>
  <testcase classname="SmartBuyProject.SmartBuyProject.AppTest" name="UpdateCartQuantities">
    <skipped/>
  </testcase> <!-- UpdateCartQuantities -->
</testsuite> <!-- SmartBuyProject.SmartBuyProject.AppTest -->
