<?xml version="1.0" encoding="UTF-8"?>
<!-- Generated by org.testng.reporters.JUnitReportReporter -->
<testsuite hostname="DESKTOP-L3U3DAD" failures="0" tests="10" name="SmartBuyProject.SmartBuyProject.AppTest" time="9.083" errors="0" timestamp="2025-06-05T01:59:17 GMT+03:00" skipped="0">
  <testcase classname="SmartBuyProject.SmartBuyProject.AppTest" name="VerifyHomepageLoadsSuccessfully" time="0.294"/>
  <testcase classname="SmartBuyProject.SmartBuyProject.AppTest" name="VerifyCategoryNavigation" time="5.012"/>
  <testcase classname="SmartBuyProject.SmartBuyProject.AppTest" name="VerifySearchResultsAccuracy" time="3.759"/>
  <testcase classname="SmartBuyProject.SmartBuyProject.AppTest" name="test4" time="0.001"/>
  <testcase classname="SmartBuyProject.SmartBuyProject.AppTest" name="test5" time="0.003"/>
  <testcase classname="SmartBuyProject.SmartBuyProject.AppTest" name="test6" time="0.001"/>
  <testcase classname="SmartBuyProject.SmartBuyProject.AppTest" name="test7" time="0.007"/>
  <testcase classname="SmartBuyProject.SmartBuyProject.AppTest" name="test8" time="0.002"/>
  <testcase classname="SmartBuyProject.SmartBuyProject.AppTest" name="test9" time="0.002"/>
  <testcase classname="SmartBuyProject.SmartBuyProject.AppTest" name="test10" time="0.002"/>
</testsuite> <!-- SmartBuyProject.SmartBuyProject.AppTest -->
